Afghan
African
American
American New
American Traditional
Arabian
Argentine
Asian Fusion
Australian
Austrian
Bangladeshi
Barbeque
Basque
Belgian
Brasseries
Brazilian
Breakfast & Brunch
British
Buffets
Burgers
Burmese
Cafes
Cajun
Creole
Cambodian
Caribbean
Catalan
Cheesesteaks
Chicken Wings
Chinese
Comfort Food
Creperies
Cuban
Czech
Slovakian
Delis
Diners
Ethiopian
Fast Food
Filipino
Fish & Chips
Fondue
Food Court
Food Stands
French
Gastropubs
German
Gluten-Free
Greek
Halal
Hawaiian
Himalayan
Nepalese
Hot Dogs
Hot Pot
Hungarian
Iberian
Indian
Indonesian
Irish
Italian
Japanese
Korean
Kosher
Laotian
Latin American
Live
Raw Food
Malaysian
Mediterranean
Mexican
Middle Eastern
Modern European
Mongolian
Moroccan
Pakistani
Persian/Iranian
Peruvian
Pizza
Polish
Portuguese
Russian
Salad
Sandwiches
Scandinavian
Scottish
Seafood
Singaporean
Soul Food
Soup
Southern
Spanish
Steakhouses
Sushi Bars
Sushi
Taiwanese
Taiwan
Tapas Bars
Tapas
Small Plates
Tex-Mex
Thai
Turkish
Ukrainian
Vegan
Vegetarian
Vietnamese