The River Caf¨¦
Jack the Horse Tavern
Noodle Pudding
Iris Caf¨¦
Tutt Cafe
Siggy's Good Food
Henry's End
Colonie
The Atlantic ChipShop
Queen Italian Restaurant
Iron Chef House
Montero's Bar & Grill
Clark's Restaurant
Pete's Waterfront Ale House
Ozu Japanese Cuisine & Lounge
Henry Street Ale House
O'Keefe's Bar & Grill
Nanatori Japanese Restaurant
Fascati Pizza
Teresa's Restaurant
Sushi Gallery
Heights Falafel
Mitoushi
My Little Pizzeria
Hanco's
River Deli
Bevacco
Caffe Buon Gusto
Dellarocco's
Lantern