Annadale
Arden Heights
Arlington
Arrochar
Bay Terrace
Bloomfield
Bullshead
Castleton Corners
Charleston
Chelsea
Clifton
Concord
Dongan Hills
Elm Park
Eltingville
Emerson Hill
Graniteville
Grant City
Grasmere
Great Kills
Grymes Hill
Heartland Village
Howland Hook
Huguenot
Lighthouse Hill
Mariner
Midland Beach
New Brighton
New Dorp
New Dorp Beach
New Springville
Oakwood
Old Town
Park Hill
Pleasant Plains
Port Richmond
Princes Bay
Randall Manor
Richmond Town
Richmond Valley
Rosebank
Rossville
Shore Acres
Silver Lake
St. George
Stapleton
Sunnyside
Todt Hill
Tompkinsville
Tottenville
West Brighton
Westerleigh
Woodrow