Baychester
Bedford Park
Belmont
Castle Hill
City Island
Claremont Village
Clason Point
Co-op City
Concourse
Concourse Village
Country Club
East Tremont
Eastchester
Edenwald
Edgewater Park
Fieldston
Fordham
High Bridge
Hunts Point
Kingsbridge
Longwood
Melrose
Morris Heights
Morris Park
Morrisania
Mott Haven
Mount Eden
Mount Hope
North Riverdale
Norwood
Olinville
Parkchester
Pelham Bay
Pelham Gardens
Port Morris
Riverdale
Schuylerville
Soundview
Spuyten Duyvil
Throgs Neck
Unionport
University Heights
Van Nest
Wakefield
West Farms
Westchester Square
Williamsbridge
Woodlawn