Bath Beach
Bay Ridge
Bedford Stuyvesant
Bensonhurst
Boerum Hill
Borough Park
Brighton Beach
Brooklyn Heights
Brownsville
Bushwick
Canarsie
Carroll Gardens
City Line
Clinton Hill
Cobble Hill
Columbia Street Waterfront District
Coney Island
Crown Heights
Cypress Hills
Ditmas Park
Downtown Brooklyn
DUMBO
Dyker Heights
East Flatbush
East New York
East Williamsburg
Flatbush
Flatlands
Fort Greene
Fort Hamilton
Georgetown
Gerritson Beach
Gowanus
Gravesend
Greenpoint
Highland Park
Kensington
Manhattan Beach
Marine Park
Midwood
Mill Basin
Mill Island
New Lots
Ocean Hill
Ocean Parkway
Paedergat Basin
Park Slope
Prospect Heights
Prospect Lefferts Gardens
Prospect Park South
Red Hook
Remsen Village
Sea Gate
Sheepshead Bay
South Williamsburg
Spring Creek
Starret City
Sunset Park
Vinegar Hill
Weeksville
Williamsburg - North Side
Williamsburg - South Side
Windsor Terrace
Wingate