Arverne
Astoria
Astoria Heights
Auburndale
Bay Terrace
Bayside
Beechurst
Bellaire
Belle Harbor
Bellerose
Breezy Point
Briarwood
Cambria Heights
College Point
Douglaston
Downtown Flushing
East Elmhurst
Edgemere
Elmhurst
Far Rockaway
Floral Park
Flushing
Flushing Meadows
Forest Hills
Fresh Meadows
Glen Oaks
Glendale
Hillcrest
Hollis
Holliswood
Howard Beach
Hunters Point
Jackson Heights
Jamaica
Jamaica Estates
Jamaica Hills
JFK Airport
Kew Gardens
Kew Gardens Hills
LaGuardia Airport
Laurelton
LeFrak City
Lindenwood
Little Neck
Long Island City
Malba
Maspeth
Middle Village
Murray Hill
North Corona
Oakland Gardens
Ozone Park
Pomonok
Queens Village
Queensborough Hill
Rego Park
Richmond Hill
Ridgewood
Rochdale
Rockaway Park
Rosedale
Seaside
Somerville
Springfield Gardens
Steinway
Sunnyside
Utopia
Whitestone
Woodhaven
Woodside